-------------------------------------------------------------------------------
Test set: Wikipedia search feature
-------------------------------------------------------------------------------
Tests run: 7, Failures: 1, Errors: 0, Skipped: 0, Time elapsed: 89.026 s <<< FAILURE! - in Wikipedia search feature
Wikipedia search feature.Wikipedia search header verification #3  Time elapsed: 7.757 s  <<< FAILURE!
java.lang.AssertionError

